2023-05-03 19:00:55 INFO  MainPageTest:39 - Main Page load test
2023-05-03 19:00:55 INFO  BasePage:41 - Check element with xpath exist //img[@itemprop='logo']
2023-05-03 20:23:52 INFO  MainPageTest:39 - Main Page load test
2023-05-03 20:23:52 INFO  BasePage:42 - Check element with xpath exist //img[@itemprop='logo']
2023-05-03 20:43:11 INFO  BasePage:29 - Clicking element with xpath //div[@class='account']//i
2023-05-03 21:05:57 INFO  BasePage:88 - Clicking element with CSS selector a.site-header__account > svg
2023-05-03 21:16:15 INFO  BasePage:88 - Clicking element with CSS selector a.site-header__account > svg
2023-05-03 21:21:26 INFO  BasePage:88 - Clicking element with CSS selector a.site-header__account > svg
2023-05-03 21:21:27 INFO  BasePage:29 - Clicking element with xpath //button[@id='loginButton']
2023-05-03 21:23:44 INFO  MainPageTest:39 - Main Page load test
2023-05-03 21:23:44 INFO  BasePage:42 - Check element with xpath exist //img[@itemprop='logo']
2023-05-03 21:47:57 INFO  BasePage:88 - Clicking element with CSS selector a.site-header__account > svg
2023-05-03 21:47:58 INFO  BasePage:29 - Clicking element with xpath //input[@type='submit' and @value='Sign In']
2023-05-03 21:48:00 INFO  BasePage:42 - Check element with xpath exist //div[@id='errorMessage']
2023-05-03 21:53:13 INFO  BasePage:88 - Clicking element with CSS selector a.site-header__account > svg
2023-05-03 21:53:15 INFO  BasePage:29 - Clicking element with xpath //input[@type='submit' and @value='Sign In']
2023-05-03 21:53:16 INFO  BasePage:42 - Check element with xpath exist //li[text()='Incorrect email or password.']
2023-05-03 22:00:39 INFO  BasePage:88 - Clicking element with CSS selector a.site-header__account > svg
2023-05-03 22:00:41 INFO  BasePage:29 - Clicking element with xpath //input[@type='submit' and @value='Sign In']
2023-05-03 22:00:42 INFO  BasePage:42 - Check element with xpath exist //li[text()='Incorrect email or password.']
2023-05-03 22:00:58 INFO  BasePage:88 - Clicking element with CSS selector a.site-header__account > svg
2023-05-03 22:01:00 INFO  BasePage:29 - Clicking element with xpath //input[@type='submit' and @value='Sign In']
2023-05-03 22:01:02 INFO  BasePage:42 - Check element with xpath exist //li[text()='Incorrect email or password.']
2023-05-03 22:26:22 INFO  BasePage:88 - Clicking element with CSS selector a.site-header__account > svg
2023-05-03 22:26:23 INFO  BasePage:29 - Clicking element with xpath //input[@type='submit' and @value='Sign In']
2023-05-03 22:26:25 INFO  BasePage:42 - Check element with xpath exist //li[text()='Incorrect email or password.']
2023-05-04 02:06:47 INFO  BasePage:88 - Clicking element with CSS selector a.site-header__account > svg
2023-05-04 02:06:49 INFO  BasePage:29 - Clicking element with xpath //input[@type='submit' and @value='Sign In']
2023-05-04 02:07:59 INFO  BasePage:88 - Clicking element with CSS selector a.site-header__account > svg
2023-05-04 02:08:00 INFO  BasePage:29 - Clicking element with xpath //input[@type='submit' and @value='Sign In']
2023-05-04 02:09:26 INFO  BasePage:88 - Clicking element with CSS selector a.site-header__account > svg
2023-05-04 02:09:28 INFO  BasePage:29 - Clicking element with xpath //input[@type='submit' and @value='Sign In']
2023-05-04 02:38:24 INFO  BasePage:88 - Clicking element with CSS selector a.site-nav__child-link[href='/collections/english-only']
2023-05-04 02:40:27 INFO  BasePage:88 - Clicking element with CSS selector a.site-nav__child-link[href='/collections/english-only']
2023-05-04 02:42:39 INFO  BasePage:29 - Clicking element with xpath //a[contains(@class, 'site-nav__link--main') and contains(text(), 'Books by language')]
2023-05-04 02:42:39 INFO  BasePage:88 - Clicking element with CSS selector a.site-nav__child-link[href='/collections/english-only']
2023-05-04 03:05:05 INFO  BasePage:29 - Clicking element with xpath //a[contains(@class, 'site-nav__link--main') and contains(text(), 'Books by language')]
2023-05-04 03:05:05 INFO  BasePage:88 - Clicking element with CSS selector a.site-nav__child-link[href='/collections/english-only']
2023-05-04 03:05:07 INFO  BasePage:29 - Clicking element with xpath //*[@id='Collection']/div/div[1]/div/a/div[1]
2023-05-04 03:05:08 INFO  BasePage:42 - Check element with xpath exist //div[contains(@class, 'product-single')]
2023-05-04 03:06:35 INFO  BasePage:29 - Clicking element with xpath //a[contains(@class, 'site-nav__link--main') and contains(text(), 'Books by language')]
2023-05-04 03:06:35 INFO  BasePage:88 - Clicking element with CSS selector a.site-nav__child-link[href='/collections/english-only']
2023-05-04 03:06:37 INFO  BasePage:29 - Clicking element with xpath //*[@id='Collection']/div/div[1]/div/a/div[1]
2023-05-04 03:06:38 INFO  BasePage:42 - Check element with xpath exist //div[contains(@class, 'product-single')]
2023-05-04 03:14:37 INFO  BasePage:29 - Clicking element with xpath //a[contains(@class, 'site-nav__link--main') and contains(text(), 'Books by language')]
2023-05-04 03:14:37 INFO  BasePage:88 - Clicking element with CSS selector a.site-nav__child-link[href='/collections/english-only']
2023-05-04 03:14:40 INFO  BasePage:29 - Clicking element with xpath //*[@id='Collection']/div/div[1]/div/a/div[1]
2023-05-04 03:14:40 INFO  BasePage:29 - Clicking element with xpath //*[@id='SingleOptionSelector-0']
2023-05-04 03:14:40 INFO  BasePage:29 - Clicking element with xpath //*[@id='SingleOptionSelector-0']/option[2]
2023-05-04 03:16:47 INFO  BasePage:29 - Clicking element with xpath //a[contains(@class, 'site-nav__link--main') and contains(text(), 'Books by language')]
2023-05-04 03:16:47 INFO  BasePage:88 - Clicking element with CSS selector a.site-nav__child-link[href='/collections/english-only']
2023-05-04 03:16:48 INFO  BasePage:29 - Clicking element with xpath //*[@id='Collection']/div/div[1]/div/a/div[1]
2023-05-04 03:16:49 INFO  BasePage:29 - Clicking element with xpath //*[@id='SingleOptionSelector-0']
2023-05-04 03:16:49 INFO  BasePage:29 - Clicking element with xpath //*[@id='SingleOptionSelector-0']/option[2]
2023-05-04 03:35:47 INFO  BasePage:29 - Clicking element with xpath //a[contains(@class, 'site-nav__link--main') and contains(text(), 'Books by language')]
2023-05-04 03:35:47 INFO  BasePage:88 - Clicking element with CSS selector a.site-nav__child-link[href='/collections/english-only']
2023-05-04 03:35:49 INFO  BasePage:29 - Clicking element with xpath //*[@id='Collection']/div/div[1]/div/a/div[1]
2023-05-04 03:35:49 INFO  BasePage:29 - Clicking element with xpath //*[@id='SingleOptionSelector-0']
2023-05-04 03:35:49 INFO  BasePage:29 - Clicking element with xpath //*[@id='SingleOptionSelector-0']/option[2]
2023-05-04 03:43:15 INFO  BasePage:29 - Clicking element with xpath //a[contains(@class, 'site-nav__link--main') and contains(text(), 'Books by language')]
2023-05-04 03:43:15 INFO  BasePage:88 - Clicking element with CSS selector a.site-nav__child-link[href='/collections/english-only']
2023-05-04 03:43:17 INFO  BasePage:29 - Clicking element with xpath //*[@id='Collection']/div/div[1]/div/a/div[1]
2023-05-04 03:43:18 INFO  BasePage:29 - Clicking element with xpath //*[@id='SingleOptionSelector-0']
2023-05-04 03:43:18 INFO  BasePage:29 - Clicking element with xpath //*[@id='SingleOptionSelector-0']/option[2]
2023-05-04 03:43:18 INFO  BasePage:29 - Clicking element with xpath //*[@id='AddToCartText-product-template']
2023-05-04 03:43:19 INFO  BasePage:29 - Clicking element with xpath //*[@id='AddToCartText-product-template']
2023-05-04 03:46:30 INFO  BasePage:29 - Clicking element with xpath //a[contains(@class, 'site-nav__link--main') and contains(text(), 'Books by language')]
2023-05-04 03:46:31 INFO  BasePage:93 - Clicking element with CSS selector a.site-nav__child-link[href='/collections/english-only']
2023-05-04 03:46:32 INFO  BasePage:29 - Clicking element with xpath //*[@id='Collection']/div/div[1]/div/a/div[1]
2023-05-04 03:46:33 INFO  BasePage:29 - Clicking element with xpath //*[@id='SingleOptionSelector-0']
2023-05-04 03:46:33 INFO  BasePage:29 - Clicking element with xpath //*[@id='SingleOptionSelector-0']/option[2]
2023-05-04 03:46:34 INFO  BasePage:29 - Clicking element with xpath //*[@id='AddToCartText-product-template']
2023-05-04 03:50:00 INFO  BasePage:29 - Clicking element with xpath //a[contains(@class, 'site-nav__link--main') and contains(text(), 'Books by language')]
2023-05-04 03:50:00 INFO  BasePage:93 - Clicking element with CSS selector a.site-nav__child-link[href='/collections/english-only']
2023-05-04 03:50:01 INFO  BasePage:29 - Clicking element with xpath //*[@id='Collection']/div/div[1]/div/a/div[1]
2023-05-04 03:50:02 INFO  BasePage:29 - Clicking element with xpath //*[@id='SingleOptionSelector-0']
2023-05-04 03:50:02 INFO  BasePage:29 - Clicking element with xpath //*[@id='SingleOptionSelector-0']/option[2]
2023-05-04 03:50:03 INFO  BasePage:29 - Clicking element with xpath //*[@id='AddToCartText-product-template']
2023-05-04 15:26:25 INFO  BasePage:29 - Clicking element with xpath //a[contains(@class, 'site-nav__link--main') and contains(text(), 'Books by language')]
2023-05-04 15:26:25 INFO  BasePage:93 - Clicking element with CSS selector a.site-nav__child-link[href='/collections/english-only']
2023-05-04 15:26:27 INFO  BasePage:29 - Clicking element with xpath //*[@id='Collection']/div/div[1]/div/a/div[1]
2023-05-04 15:26:28 INFO  BasePage:29 - Clicking element with xpath //*[@id='SingleOptionSelector-0']
2023-05-04 15:26:28 INFO  BasePage:29 - Clicking element with xpath //*[@id='SingleOptionSelector-0']/option[2]
2023-05-04 15:26:28 INFO  BasePage:29 - Clicking element with xpath //*[@id='AddToCartText-product-template']
2023-05-04 15:32:30 INFO  BasePage:29 - Clicking element with xpath //a[contains(@class, 'site-nav__link--main') and contains(text(), 'Books by language')]
2023-05-04 15:32:30 INFO  BasePage:93 - Clicking element with CSS selector a.site-nav__child-link[href='/collections/english-only']
2023-05-04 15:32:32 INFO  BasePage:29 - Clicking element with xpath //*[@id='Collection']/div/div[1]/div/a/div[1]
2023-05-04 15:32:33 INFO  BasePage:29 - Clicking element with xpath //*[@id='SingleOptionSelector-0']
2023-05-04 15:32:33 INFO  BasePage:29 - Clicking element with xpath //*[@id='SingleOptionSelector-0']/option[2]
2023-05-04 15:32:33 INFO  BasePage:29 - Clicking element with xpath //*[@id='AddToCartText-product-template']
2023-05-04 15:45:24 INFO  BasePage:29 - Clicking element with xpath //a[contains(@class, 'site-nav__link--main') and contains(text(), 'Books by language')]
2023-05-04 15:45:24 INFO  BasePage:93 - Clicking element with CSS selector a.site-nav__child-link[href='/collections/english-only']
2023-05-04 15:45:26 INFO  BasePage:29 - Clicking element with xpath //*[@id='Collection']/div/div[1]/div/a/div[1]
2023-05-04 15:45:27 INFO  BasePage:29 - Clicking element with xpath //*[@id='SingleOptionSelector-0']
2023-05-04 15:45:27 INFO  BasePage:29 - Clicking element with xpath //*[@id='SingleOptionSelector-0']/option[2]
2023-05-04 15:45:27 INFO  BasePage:29 - Clicking element with xpath //*[@id='AddToCartText-product-template']
2023-05-04 15:58:41 INFO  BasePage:29 - Clicking element with xpath //a[contains(@class, 'site-nav__link--main') and contains(text(), 'Books by language')]
2023-05-04 15:58:41 INFO  BasePage:93 - Clicking element with CSS selector a.site-nav__child-link[href='/collections/english-only']
2023-05-04 15:58:43 INFO  BasePage:29 - Clicking element with xpath //*[@id='Collection']/div/div[1]/div/a/div[1]
2023-05-04 15:58:43 INFO  BasePage:29 - Clicking element with xpath //*[@id='SingleOptionSelector-0']
2023-05-04 15:58:43 INFO  BasePage:29 - Clicking element with xpath //*[@id='SingleOptionSelector-0']/option[2]
2023-05-04 15:58:44 INFO  BasePage:29 - Clicking element with xpath //*[@id='AddToCartText-product-template']
2023-05-04 15:58:45 INFO  BasePage:29 - Clicking element with xpath //*[@id='shopify-section-cart-template']//form//input[@type='submit']
2023-05-04 16:02:14 INFO  BasePage:29 - Clicking element with xpath //a[contains(@class, 'site-nav__link--main') and contains(text(), 'Books by language')]
2023-05-04 16:02:14 INFO  BasePage:93 - Clicking element with CSS selector a.site-nav__child-link[href='/collections/english-only']
2023-05-04 16:02:16 INFO  BasePage:29 - Clicking element with xpath //*[@id='Collection']/div/div[1]/div/a/div[1]
2023-05-04 16:02:16 INFO  BasePage:29 - Clicking element with xpath //*[@id='SingleOptionSelector-0']
2023-05-04 16:02:16 INFO  BasePage:29 - Clicking element with xpath //*[@id='SingleOptionSelector-0']/option[2]
2023-05-04 16:02:17 INFO  BasePage:29 - Clicking element with xpath //*[@id='AddToCartText-product-template']
2023-05-04 16:02:18 INFO  BasePage:29 - Clicking element with xpath //*[@id='shopify-section-cart-template']//form//input[@type='submit']
2023-05-04 16:05:36 INFO  BasePage:29 - Clicking element with xpath //a[contains(@class, 'site-nav__link--main') and contains(text(), 'Books by language')]
2023-05-04 16:05:37 INFO  BasePage:93 - Clicking element with CSS selector a.site-nav__child-link[href='/collections/english-only']
2023-05-04 16:05:38 INFO  BasePage:29 - Clicking element with xpath //*[@id='Collection']/div/div[1]/div/a/div[1]
2023-05-04 16:05:39 INFO  BasePage:29 - Clicking element with xpath //*[@id='SingleOptionSelector-0']
2023-05-04 16:05:39 INFO  BasePage:29 - Clicking element with xpath //*[@id='SingleOptionSelector-0']/option[2]
2023-05-04 16:05:40 INFO  BasePage:29 - Clicking element with xpath //*[@id='AddToCartText-product-template']
2023-05-04 16:05:41 INFO  BasePage:27 - Clicking Update button
2023-05-04 16:17:27 INFO  BasePage:29 - Clicking element with xpath //a[contains(@class, 'site-nav__link--main') and contains(text(), 'Books by language')]
2023-05-04 16:17:27 INFO  BasePage:93 - Clicking element with CSS selector a.site-nav__child-link[href='/collections/english-only']
2023-05-04 16:17:29 INFO  BasePage:29 - Clicking element with xpath //*[@id='Collection']/div/div[1]/div/a/div[1]
2023-05-04 16:17:30 INFO  BasePage:29 - Clicking element with xpath //*[@id='SingleOptionSelector-0']
2023-05-04 16:17:30 INFO  BasePage:29 - Clicking element with xpath //*[@id='SingleOptionSelector-0']/option[2]
2023-05-04 16:17:31 INFO  BasePage:29 - Clicking element with xpath //*[@id='AddToCartText-product-template']
2023-05-04 16:17:32 INFO  BasePage:27 - Clicking Update button
2023-05-04 16:22:08 INFO  BasePage:29 - Clicking element with xpath //a[contains(@class, 'site-nav__link--main') and contains(text(), 'Books by language')]
2023-05-04 16:22:08 INFO  BasePage:93 - Clicking element with CSS selector a.site-nav__child-link[href='/collections/english-only']
2023-05-04 16:22:11 INFO  BasePage:29 - Clicking element with xpath //*[@id='Collection']/div/div[1]/div/a/div[1]
2023-05-04 16:22:11 INFO  BasePage:29 - Clicking element with xpath //*[@id='SingleOptionSelector-0']
2023-05-04 16:22:11 INFO  BasePage:29 - Clicking element with xpath //*[@id='SingleOptionSelector-0']/option[2]
2023-05-04 16:22:12 INFO  BasePage:29 - Clicking element with xpath //*[@id='AddToCartText-product-template']
2023-05-04 16:22:13 INFO  BasePage:93 - Clicking element with CSS selector #shopify-section-cart-template form input[type='submit'][name='update']
2023-05-04 16:22:46 INFO  BasePage:29 - Clicking element with xpath //a[contains(@class, 'site-nav__link--main') and contains(text(), 'Books by language')]
2023-05-04 16:22:46 INFO  BasePage:93 - Clicking element with CSS selector a.site-nav__child-link[href='/collections/english-only']
2023-05-04 16:22:48 INFO  BasePage:29 - Clicking element with xpath //*[@id='Collection']/div/div[1]/div/a/div[1]
2023-05-04 16:22:48 INFO  BasePage:29 - Clicking element with xpath //*[@id='SingleOptionSelector-0']
2023-05-04 16:22:48 INFO  BasePage:29 - Clicking element with xpath //*[@id='SingleOptionSelector-0']/option[2]
2023-05-04 16:22:49 INFO  BasePage:29 - Clicking element with xpath //*[@id='AddToCartText-product-template']
2023-05-04 16:22:50 INFO  BasePage:93 - Clicking element with CSS selector #shopify-section-cart-template form input[type='submit'][name='update']
2023-05-04 16:26:14 INFO  BasePage:29 - Clicking element with xpath //a[contains(@class, 'site-nav__link--main') and contains(text(), 'Books by language')]
2023-05-04 16:26:14 INFO  BasePage:93 - Clicking element with CSS selector a.site-nav__child-link[href='/collections/english-only']
2023-05-04 16:26:16 INFO  BasePage:29 - Clicking element with xpath //*[@id='Collection']/div/div[1]/div/a/div[1]
2023-05-04 16:26:16 INFO  BasePage:29 - Clicking element with xpath //*[@id='SingleOptionSelector-0']
2023-05-04 16:26:17 INFO  BasePage:29 - Clicking element with xpath //*[@id='SingleOptionSelector-0']/option[2]
2023-05-04 16:26:17 INFO  BasePage:29 - Clicking element with xpath //*[@id='AddToCartText-product-template']
2023-05-04 16:27:13 INFO  BasePage:29 - Clicking element with xpath //a[contains(@class, 'site-nav__link--main') and contains(text(), 'Books by language')]
2023-05-04 16:27:13 INFO  BasePage:93 - Clicking element with CSS selector a.site-nav__child-link[href='/collections/english-only']
2023-05-04 16:27:15 INFO  BasePage:29 - Clicking element with xpath //*[@id='Collection']/div/div[1]/div/a/div[1]
2023-05-04 16:27:15 INFO  BasePage:29 - Clicking element with xpath //*[@id='SingleOptionSelector-0']
2023-05-04 16:27:16 INFO  BasePage:29 - Clicking element with xpath //*[@id='SingleOptionSelector-0']/option[2]
2023-05-04 16:27:16 INFO  BasePage:29 - Clicking element with xpath //*[@id='AddToCartText-product-template']
2023-05-04 16:27:46 INFO  BasePage:29 - Clicking element with xpath //a[contains(@class, 'site-nav__link--main') and contains(text(), 'Books by language')]
2023-05-04 16:27:46 INFO  BasePage:93 - Clicking element with CSS selector a.site-nav__child-link[href='/collections/english-only']
2023-05-04 16:27:48 INFO  BasePage:29 - Clicking element with xpath //*[@id='Collection']/div/div[1]/div/a/div[1]
2023-05-04 16:27:48 INFO  BasePage:29 - Clicking element with xpath //*[@id='SingleOptionSelector-0']
2023-05-04 16:27:48 INFO  BasePage:29 - Clicking element with xpath //*[@id='SingleOptionSelector-0']/option[2]
2023-05-04 16:27:49 INFO  BasePage:29 - Clicking element with xpath //*[@id='AddToCartText-product-template']
2023-05-04 16:36:38 INFO  BasePage:29 - Clicking element with xpath //a[contains(@class, 'site-nav__link--main') and contains(text(), 'Books by language')]
2023-05-04 16:36:38 INFO  BasePage:93 - Clicking element with CSS selector a.site-nav__child-link[href='/collections/english-only']
2023-05-04 16:36:40 INFO  BasePage:29 - Clicking element with xpath //*[@id='Collection']/div/div[1]/div/a/div[1]
2023-05-04 16:36:41 INFO  BasePage:29 - Clicking element with xpath //*[@id='SingleOptionSelector-0']
2023-05-04 16:36:41 INFO  BasePage:29 - Clicking element with xpath //*[@id='SingleOptionSelector-0']/option[2]
2023-05-04 16:36:41 INFO  BasePage:29 - Clicking element with xpath //*[@id='AddToCartText-product-template']
2023-05-04 16:37:26 INFO  BasePage:29 - Clicking element with xpath //a[contains(@class, 'site-nav__link--main') and contains(text(), 'Books by language')]
2023-05-04 16:37:27 INFO  BasePage:93 - Clicking element with CSS selector a.site-nav__child-link[href='/collections/english-only']
2023-05-04 16:37:29 INFO  BasePage:29 - Clicking element with xpath //*[@id='Collection']/div/div[1]/div/a/div[1]
2023-05-04 16:37:29 INFO  BasePage:29 - Clicking element with xpath //*[@id='SingleOptionSelector-0']
2023-05-04 16:37:29 INFO  BasePage:29 - Clicking element with xpath //*[@id='SingleOptionSelector-0']/option[2]
2023-05-04 16:37:30 INFO  BasePage:29 - Clicking element with xpath //*[@id='AddToCartText-product-template']
2023-05-04 16:39:29 INFO  BasePage:29 - Clicking element with xpath //a[contains(@class, 'site-nav__link--main') and contains(text(), 'Books by language')]
2023-05-04 16:39:29 INFO  BasePage:93 - Clicking element with CSS selector a.site-nav__child-link[href='/collections/english-only']
2023-05-04 16:39:31 INFO  BasePage:29 - Clicking element with xpath //*[@id='Collection']/div/div[1]/div/a/div[1]
2023-05-04 16:39:32 INFO  BasePage:29 - Clicking element with xpath //*[@id='SingleOptionSelector-0']
2023-05-04 16:39:32 INFO  BasePage:29 - Clicking element with xpath //*[@id='SingleOptionSelector-0']/option[2]
2023-05-04 16:39:33 INFO  BasePage:29 - Clicking element with xpath //*[@id='AddToCartText-product-template']
2023-05-04 16:57:47 INFO  BasePage:29 - Clicking element with xpath //a[contains(@class, 'site-nav__link--main') and contains(text(), 'Books by language')]
2023-05-04 16:57:47 INFO  BasePage:93 - Clicking element with CSS selector a.site-nav__child-link[href='/collections/english-only']
2023-05-04 16:57:49 INFO  BasePage:29 - Clicking element with xpath //*[@id='Collection']/div/div[1]/div/a/div[1]
2023-05-04 16:57:49 INFO  BasePage:29 - Clicking element with xpath //*[@id='SingleOptionSelector-0']
2023-05-04 16:57:50 INFO  BasePage:29 - Clicking element with xpath //*[@id='SingleOptionSelector-0']/option[2]
2023-05-04 16:57:50 INFO  BasePage:29 - Clicking element with xpath //*[@id='AddToCartText-product-template']
2023-05-04 18:18:46 INFO  BasePage:30 - Clicking element with xpath //a[contains(@class, 'site-nav__link--main') and contains(text(), 'Books by language')]
2023-05-04 18:18:46 INFO  BasePage:94 - Clicking element with CSS selector a.site-nav__child-link[href='/collections/english-only']
2023-05-04 18:18:48 INFO  BasePage:30 - Clicking element with xpath //*[@id='Collection']/div/div[1]/div/a/div[1]
2023-05-04 18:18:49 INFO  BasePage:30 - Clicking element with xpath //*[@id='SingleOptionSelector-0']
2023-05-04 18:18:49 INFO  BasePage:30 - Clicking element with xpath //*[@id='SingleOptionSelector-0']/option[2]
2023-05-04 18:18:49 INFO  BasePage:30 - Clicking element with xpath //*[@id='AddToCartText-product-template']
2023-05-04 18:22:40 INFO  BasePage:30 - Clicking element with xpath //a[contains(@class, 'site-nav__link--main') and contains(text(), 'Books by language')]
2023-05-04 18:22:41 INFO  BasePage:94 - Clicking element with CSS selector a.site-nav__child-link[href='/collections/english-only']
2023-05-04 18:22:43 INFO  BasePage:30 - Clicking element with xpath //*[@id='Collection']/div/div[1]/div/a/div[1]
2023-05-04 18:22:44 INFO  BasePage:30 - Clicking element with xpath //*[@id='SingleOptionSelector-0']
2023-05-04 18:22:44 INFO  BasePage:30 - Clicking element with xpath //*[@id='SingleOptionSelector-0']/option[2]
2023-05-04 18:22:45 INFO  BasePage:30 - Clicking element with xpath //*[@id='AddToCartText-product-template']
2023-05-04 18:26:51 INFO  BasePage:30 - Clicking element with xpath //a[contains(@class, 'site-nav__link--main') and contains(text(), 'Books by language')]
2023-05-04 18:26:52 INFO  BasePage:94 - Clicking element with CSS selector a.site-nav__child-link[href='/collections/english-only']
2023-05-04 18:26:53 INFO  BasePage:30 - Clicking element with xpath //*[@id='Collection']/div/div[1]/div/a/div[1]
2023-05-04 18:26:54 INFO  BasePage:30 - Clicking element with xpath //*[@id='SingleOptionSelector-0']
2023-05-04 18:26:54 INFO  BasePage:30 - Clicking element with xpath //*[@id='SingleOptionSelector-0']/option[2]
2023-05-04 18:26:55 INFO  BasePage:30 - Clicking element with xpath //*[@id='AddToCartText-product-template']
2023-05-04 18:28:31 INFO  BasePage:30 - Clicking element with xpath //a[contains(@class, 'site-nav__link--main') and contains(text(), 'Books by language')]
2023-05-04 18:28:31 INFO  BasePage:94 - Clicking element with CSS selector a.site-nav__child-link[href='/collections/english-only']
2023-05-04 18:28:32 INFO  BasePage:30 - Clicking element with xpath //*[@id='Collection']/div/div[1]/div/a/div[1]
2023-05-04 18:28:33 INFO  BasePage:30 - Clicking element with xpath //*[@id='SingleOptionSelector-0']
2023-05-04 18:28:33 INFO  BasePage:30 - Clicking element with xpath //*[@id='SingleOptionSelector-0']/option[2]
2023-05-04 18:28:34 INFO  BasePage:30 - Clicking element with xpath //*[@id='AddToCartText-product-template']
2023-05-04 18:32:46 INFO  BasePage:30 - Clicking element with xpath //a[contains(@class, 'site-nav__link--main') and contains(text(), 'Books by language')]
2023-05-04 18:32:46 INFO  BasePage:94 - Clicking element with CSS selector a.site-nav__child-link[href='/collections/english-only']
2023-05-04 18:32:48 INFO  BasePage:30 - Clicking element with xpath //*[@id='Collection']/div/div[1]/div/a/div[1]
2023-05-04 18:32:48 INFO  BasePage:30 - Clicking element with xpath //*[@id='SingleOptionSelector-0']
2023-05-04 18:32:49 INFO  BasePage:30 - Clicking element with xpath //*[@id='SingleOptionSelector-0']/option[2]
2023-05-04 18:32:49 INFO  BasePage:30 - Clicking element with xpath //*[@id='AddToCartText-product-template']
2023-05-04 18:44:16 INFO  BasePage:30 - Clicking element with xpath //a[contains(@class, 'site-nav__link--main') and contains(text(), 'Books by language')]
2023-05-04 18:44:16 INFO  BasePage:94 - Clicking element with CSS selector a.site-nav__child-link[href='/collections/english-only']
2023-05-04 18:44:18 INFO  BasePage:30 - Clicking element with xpath //*[@id='Collection']/div/div[1]/div/a/div[1]
2023-05-04 18:44:18 INFO  BasePage:30 - Clicking element with xpath //*[@id='SingleOptionSelector-0']
2023-05-04 18:44:18 INFO  BasePage:30 - Clicking element with xpath //*[@id='SingleOptionSelector-0']/option[2]
2023-05-04 18:44:19 INFO  BasePage:30 - Clicking element with xpath //*[@id='AddToCartText-product-template']
2023-05-04 18:48:29 INFO  BasePage:30 - Clicking element with xpath //a[contains(@class, 'site-nav__link--main') and contains(text(), 'Books by language')]
2023-05-04 18:48:30 INFO  BasePage:94 - Clicking element with CSS selector a.site-nav__child-link[href='/collections/english-only']
2023-05-04 18:48:31 INFO  BasePage:30 - Clicking element with xpath //*[@id='Collection']/div/div[1]/div/a/div[1]
2023-05-04 18:48:32 INFO  BasePage:30 - Clicking element with xpath //*[@id='SingleOptionSelector-0']
2023-05-04 18:48:32 INFO  BasePage:30 - Clicking element with xpath //*[@id='SingleOptionSelector-0']/option[2]
2023-05-04 18:48:33 INFO  BasePage:30 - Clicking element with xpath //*[@id='AddToCartText-product-template']
2023-05-04 18:50:52 INFO  BasePage:30 - Clicking element with xpath //a[contains(@class, 'site-nav__link--main') and contains(text(), 'Books by language')]
2023-05-04 18:50:52 INFO  BasePage:94 - Clicking element with CSS selector a.site-nav__child-link[href='/collections/english-only']
2023-05-04 18:50:55 INFO  BasePage:30 - Clicking element with xpath //*[@id='Collection']/div/div[1]/div/a/div[1]
2023-05-04 18:50:56 INFO  BasePage:30 - Clicking element with xpath //*[@id='SingleOptionSelector-0']
2023-05-04 18:50:56 INFO  BasePage:30 - Clicking element with xpath //*[@id='SingleOptionSelector-0']/option[2]
2023-05-04 18:50:57 INFO  BasePage:30 - Clicking element with xpath //*[@id='AddToCartText-product-template']
2023-05-04 18:53:40 INFO  BasePage:30 - Clicking element with xpath //a[contains(@class, 'site-nav__link--main') and contains(text(), 'Books by language')]
2023-05-04 18:53:41 INFO  BasePage:94 - Clicking element with CSS selector a.site-nav__child-link[href='/collections/english-only']
2023-05-04 18:53:42 INFO  BasePage:30 - Clicking element with xpath //*[@id='Collection']/div/div[1]/div/a/div[1]
2023-05-04 18:53:43 INFO  BasePage:30 - Clicking element with xpath //*[@id='SingleOptionSelector-0']
2023-05-04 18:53:43 INFO  BasePage:30 - Clicking element with xpath //*[@id='SingleOptionSelector-0']/option[2]
2023-05-04 18:53:43 INFO  BasePage:30 - Clicking element with xpath //*[@id='AddToCartText-product-template']
2023-05-04 18:56:22 INFO  BasePage:30 - Clicking element with xpath //a[contains(@class, 'site-nav__link--main') and contains(text(), 'Books by language')]
2023-05-04 18:56:22 INFO  BasePage:94 - Clicking element with CSS selector a.site-nav__child-link[href='/collections/english-only']
2023-05-04 18:56:28 INFO  BasePage:30 - Clicking element with xpath //*[@id='Collection']/div/div[1]/div/a/div[1]
2023-05-04 18:56:28 INFO  BasePage:30 - Clicking element with xpath //*[@id='SingleOptionSelector-0']
2023-05-04 18:56:28 INFO  BasePage:30 - Clicking element with xpath //*[@id='SingleOptionSelector-0']/option[2]
2023-05-04 18:56:29 INFO  BasePage:30 - Clicking element with xpath //*[@id='AddToCartText-product-template']
2023-05-04 19:00:16 INFO  BasePage:30 - Clicking element with xpath //a[contains(@class, 'site-nav__link--main') and contains(text(), 'Books by language')]
2023-05-04 19:00:17 INFO  BasePage:94 - Clicking element with CSS selector a.site-nav__child-link[href='/collections/english-only']
2023-05-04 19:00:18 INFO  BasePage:30 - Clicking element with xpath //*[@id='Collection']/div/div[1]/div/a/div[1]
2023-05-04 19:00:19 INFO  BasePage:30 - Clicking element with xpath //*[@id='SingleOptionSelector-0']
2023-05-04 19:00:19 INFO  BasePage:30 - Clicking element with xpath //*[@id='SingleOptionSelector-0']/option[2]
2023-05-04 19:00:20 INFO  BasePage:30 - Clicking element with xpath //*[@id='AddToCartText-product-template']
2023-05-04 19:02:33 INFO  BasePage:30 - Clicking element with xpath //a[contains(@class, 'site-nav__link--main') and contains(text(), 'Books by language')]
2023-05-04 19:02:33 INFO  BasePage:94 - Clicking element with CSS selector a.site-nav__child-link[href='/collections/english-only']
2023-05-04 19:02:35 INFO  BasePage:30 - Clicking element with xpath //*[@id='Collection']/div/div[1]/div/a/div[1]
2023-05-04 19:02:35 INFO  BasePage:30 - Clicking element with xpath //*[@id='SingleOptionSelector-0']
2023-05-04 19:02:35 INFO  BasePage:30 - Clicking element with xpath //*[@id='SingleOptionSelector-0']/option[2]
2023-05-04 19:02:36 INFO  BasePage:30 - Clicking element with xpath //*[@id='AddToCartText-product-template']
2023-05-04 19:03:36 INFO  BasePage:30 - Clicking element with xpath //a[contains(@class, 'site-nav__link--main') and contains(text(), 'Books by language')]
2023-05-04 19:03:36 INFO  BasePage:94 - Clicking element with CSS selector a.site-nav__child-link[href='/collections/english-only']
2023-05-04 19:03:37 INFO  BasePage:30 - Clicking element with xpath //*[@id='Collection']/div/div[1]/div/a/div[1]
2023-05-04 19:03:38 INFO  BasePage:30 - Clicking element with xpath //*[@id='SingleOptionSelector-0']
2023-05-04 19:03:38 INFO  BasePage:30 - Clicking element with xpath //*[@id='SingleOptionSelector-0']/option[2]
2023-05-04 19:03:39 INFO  BasePage:30 - Clicking element with xpath //*[@id='AddToCartText-product-template']
2023-05-04 19:04:12 INFO  BasePage:30 - Clicking element with xpath //a[contains(@class, 'site-nav__link--main') and contains(text(), 'Books by language')]
2023-05-04 19:04:12 INFO  BasePage:94 - Clicking element with CSS selector a.site-nav__child-link[href='/collections/english-only']
2023-05-04 19:04:14 INFO  BasePage:30 - Clicking element with xpath //*[@id='Collection']/div/div[1]/div/a/div[1]
2023-05-04 19:04:14 INFO  BasePage:30 - Clicking element with xpath //*[@id='SingleOptionSelector-0']
2023-05-04 19:04:15 INFO  BasePage:30 - Clicking element with xpath //*[@id='SingleOptionSelector-0']/option[2]
2023-05-04 19:04:15 INFO  BasePage:30 - Clicking element with xpath //*[@id='AddToCartText-product-template']
2023-05-04 19:11:02 INFO  BasePage:30 - Clicking element with xpath //a[contains(@class, 'site-nav__link--main') and contains(text(), 'Books by language')]
2023-05-04 19:11:02 INFO  BasePage:94 - Clicking element with CSS selector a.site-nav__child-link[href='/collections/english-only']
2023-05-04 19:11:04 INFO  BasePage:30 - Clicking element with xpath //*[@id='Collection']/div/div[1]/div/a/div[1]
2023-05-04 19:11:05 INFO  BasePage:30 - Clicking element with xpath //*[@id='SingleOptionSelector-0']
2023-05-04 19:11:05 INFO  BasePage:30 - Clicking element with xpath //*[@id='SingleOptionSelector-0']/option[2]
2023-05-04 19:11:05 INFO  BasePage:30 - Clicking element with xpath //*[@id='AddToCartText-product-template']
2023-05-04 19:17:52 INFO  BasePage:30 - Clicking element with xpath //a[contains(@class, 'site-nav__link--main') and contains(text(), 'Books by language')]
2023-05-04 19:17:52 INFO  BasePage:94 - Clicking element with CSS selector a.site-nav__child-link[href='/collections/english-only']
2023-05-04 19:17:54 INFO  BasePage:30 - Clicking element with xpath //*[@id='Collection']/div/div[1]/div/a/div[1]
2023-05-04 19:17:55 INFO  BasePage:30 - Clicking element with xpath //*[@id='SingleOptionSelector-0']
2023-05-04 19:17:55 INFO  BasePage:30 - Clicking element with xpath //*[@id='SingleOptionSelector-0']/option[2]
2023-05-04 19:17:55 INFO  BasePage:30 - Clicking element with xpath //*[@id='AddToCartText-product-template']
2023-05-04 19:32:13 INFO  BasePage:30 - Clicking element with xpath //a[contains(@class, 'site-nav__link--main') and contains(text(), 'Books by language')]
2023-05-04 19:32:13 INFO  BasePage:94 - Clicking element with CSS selector a.site-nav__child-link[href='/collections/english-only']
2023-05-04 19:32:15 INFO  BasePage:30 - Clicking element with xpath //*[@id='Collection']/div/div[1]/div/a/div[1]
2023-05-04 19:32:15 INFO  BasePage:30 - Clicking element with xpath //*[@id='SingleOptionSelector-0']
2023-05-04 19:32:16 INFO  BasePage:30 - Clicking element with xpath //*[@id='SingleOptionSelector-0']/option[2]
2023-05-04 19:32:16 INFO  BasePage:30 - Clicking element with xpath //*[@id='AddToCartText-product-template']
2023-05-04 19:34:37 INFO  BasePage:30 - Clicking element with xpath //a[contains(@class, 'site-nav__link--main') and contains(text(), 'Books by language')]
2023-05-04 19:34:37 INFO  BasePage:94 - Clicking element with CSS selector a.site-nav__child-link[href='/collections/english-only']
2023-05-04 19:34:39 INFO  BasePage:30 - Clicking element with xpath //*[@id='Collection']/div/div[1]/div/a/div[1]
2023-05-04 19:34:40 INFO  BasePage:30 - Clicking element with xpath //*[@id='SingleOptionSelector-0']
2023-05-04 19:34:40 INFO  BasePage:30 - Clicking element with xpath //*[@id='SingleOptionSelector-0']/option[2]
2023-05-04 19:34:40 INFO  BasePage:30 - Clicking element with xpath //*[@id='AddToCartText-product-template']
2023-05-04 19:38:27 INFO  BasePage:30 - Clicking element with xpath //a[contains(@class, 'site-nav__link--main') and contains(text(), 'Books by language')]
2023-05-04 19:38:27 INFO  BasePage:94 - Clicking element with CSS selector a.site-nav__child-link[href='/collections/english-only']
2023-05-04 19:38:28 INFO  BasePage:30 - Clicking element with xpath //*[@id='Collection']/div/div[1]/div/a/div[1]
2023-05-04 19:38:29 INFO  BasePage:30 - Clicking element with xpath //*[@id='SingleOptionSelector-0']
2023-05-04 19:38:29 INFO  BasePage:30 - Clicking element with xpath //*[@id='SingleOptionSelector-0']/option[2]
2023-05-04 19:38:30 INFO  BasePage:30 - Clicking element with xpath //*[@id='AddToCartText-product-template']
2023-05-04 19:40:42 INFO  BasePage:30 - Clicking element with xpath //a[contains(@class, 'site-nav__link--main') and contains(text(), 'Books by language')]
2023-05-04 19:40:42 INFO  BasePage:94 - Clicking element with CSS selector a.site-nav__child-link[href='/collections/english-only']
2023-05-04 19:40:43 INFO  BasePage:30 - Clicking element with xpath //*[@id='Collection']/div/div[1]/div/a/div[1]
2023-05-04 19:40:44 INFO  BasePage:30 - Clicking element with xpath //*[@id='SingleOptionSelector-0']
2023-05-04 19:40:44 INFO  BasePage:30 - Clicking element with xpath //*[@id='SingleOptionSelector-0']/option[2]
2023-05-04 19:40:45 INFO  BasePage:30 - Clicking element with xpath //*[@id='AddToCartText-product-template']
2023-05-04 19:43:34 INFO  BasePage:30 - Clicking element with xpath //a[contains(@class, 'site-nav__link--main') and contains(text(), 'Books by language')]
2023-05-04 19:43:35 INFO  BasePage:94 - Clicking element with CSS selector a.site-nav__child-link[href='/collections/english-only']
2023-05-04 19:43:36 INFO  BasePage:30 - Clicking element with xpath //*[@id='Collection']/div/div[1]/div/a/div[1]
2023-05-04 19:43:37 INFO  BasePage:30 - Clicking element with xpath //*[@id='SingleOptionSelector-0']
2023-05-04 19:43:37 INFO  BasePage:30 - Clicking element with xpath //*[@id='SingleOptionSelector-0']/option[2]
2023-05-04 19:43:38 INFO  BasePage:30 - Clicking element with xpath //*[@id='AddToCartText-product-template']
2023-05-04 19:57:54 INFO  BasePage:30 - Clicking element with xpath //a[contains(@class, 'site-nav__link--main') and contains(text(), 'Books by language')]
2023-05-04 19:57:54 INFO  BasePage:94 - Clicking element with CSS selector a.site-nav__child-link[href='/collections/english-only']
2023-05-04 19:57:56 INFO  BasePage:30 - Clicking element with xpath //*[@id='Collection']/div/div[1]/div/a/div[1]
2023-05-04 19:57:57 INFO  BasePage:30 - Clicking element with xpath //*[@id='SingleOptionSelector-0']
2023-05-04 19:57:57 INFO  BasePage:30 - Clicking element with xpath //*[@id='SingleOptionSelector-0']/option[2]
2023-05-04 19:57:57 INFO  BasePage:30 - Clicking element with xpath //*[@id='AddToCartText-product-template']
2023-05-04 20:00:40 INFO  BasePage:30 - Clicking element with xpath //a[contains(@class, 'site-nav__link--main') and contains(text(), 'Books by language')]
2023-05-04 20:00:40 INFO  BasePage:94 - Clicking element with CSS selector a.site-nav__child-link[href='/collections/english-only']
2023-05-04 20:00:42 INFO  BasePage:30 - Clicking element with xpath //*[@id='Collection']/div/div[1]/div/a/div[1]
2023-05-04 20:00:43 INFO  BasePage:30 - Clicking element with xpath //*[@id='SingleOptionSelector-0']
2023-05-04 20:00:43 INFO  BasePage:30 - Clicking element with xpath //*[@id='SingleOptionSelector-0']/option[2]
2023-05-04 20:00:43 INFO  BasePage:30 - Clicking element with xpath //*[@id='AddToCartText-product-template']
2023-05-04 20:01:07 INFO  BasePage:30 - Clicking element with xpath //a[contains(@class, 'site-nav__link--main') and contains(text(), 'Books by language')]
2023-05-04 20:01:08 INFO  BasePage:94 - Clicking element with CSS selector a.site-nav__child-link[href='/collections/english-only']
2023-05-04 20:01:09 INFO  BasePage:30 - Clicking element with xpath //*[@id='Collection']/div/div[1]/div/a/div[1]
2023-05-04 20:01:10 INFO  BasePage:30 - Clicking element with xpath //*[@id='SingleOptionSelector-0']
2023-05-04 20:01:10 INFO  BasePage:30 - Clicking element with xpath //*[@id='SingleOptionSelector-0']/option[2]
2023-05-04 20:01:10 INFO  BasePage:30 - Clicking element with xpath //*[@id='AddToCartText-product-template']
2023-05-04 20:01:42 INFO  BasePage:30 - Clicking element with xpath //a[contains(@class, 'site-nav__link--main') and contains(text(), 'Books by language')]
2023-05-04 20:01:42 INFO  BasePage:94 - Clicking element with CSS selector a.site-nav__child-link[href='/collections/english-only']
2023-05-04 20:01:43 INFO  BasePage:30 - Clicking element with xpath //*[@id='Collection']/div/div[1]/div/a/div[1]
2023-05-04 20:01:44 INFO  BasePage:30 - Clicking element with xpath //*[@id='SingleOptionSelector-0']
2023-05-04 20:01:44 INFO  BasePage:30 - Clicking element with xpath //*[@id='SingleOptionSelector-0']/option[2]
2023-05-04 20:01:45 INFO  BasePage:30 - Clicking element with xpath //*[@id='AddToCartText-product-template']
2023-05-04 20:02:16 INFO  BasePage:30 - Clicking element with xpath //a[contains(@class, 'site-nav__link--main') and contains(text(), 'Books by language')]
2023-05-04 20:02:16 INFO  BasePage:94 - Clicking element with CSS selector a.site-nav__child-link[href='/collections/english-only']
2023-05-04 20:02:17 INFO  BasePage:30 - Clicking element with xpath //*[@id='Collection']/div/div[1]/div/a/div[1]
2023-05-04 20:02:18 INFO  BasePage:30 - Clicking element with xpath //*[@id='SingleOptionSelector-0']
2023-05-04 20:02:18 INFO  BasePage:30 - Clicking element with xpath //*[@id='SingleOptionSelector-0']/option[2]
2023-05-04 20:02:19 INFO  BasePage:30 - Clicking element with xpath //*[@id='AddToCartText-product-template']
2023-05-04 20:42:16 INFO  BasePage:30 - Clicking element with xpath //a[contains(@class, 'site-nav__link--main') and contains(text(), 'Books by language')]
2023-05-04 20:42:17 INFO  BasePage:94 - Clicking element with CSS selector a.site-nav__child-link[href='/collections/english-only']
2023-05-04 20:42:22 INFO  BasePage:30 - Clicking element with xpath //*[@id='Collection']/div/div[1]/div/a/div[1]
2023-05-04 20:42:23 INFO  BasePage:30 - Clicking element with xpath //*[@id='SingleOptionSelector-0']
2023-05-04 20:42:23 INFO  BasePage:30 - Clicking element with xpath //*[@id='SingleOptionSelector-0']/option[2]
2023-05-04 20:42:24 INFO  BasePage:30 - Clicking element with xpath //*[@id='AddToCartText-product-template']
2023-05-04 20:50:08 INFO  BasePage:30 - Clicking element with xpath //a[contains(@class, 'site-nav__link--main') and contains(text(), 'Books by language')]
2023-05-04 20:50:08 INFO  BasePage:94 - Clicking element with CSS selector a.site-nav__child-link[href='/collections/english-only']
2023-05-04 20:50:10 INFO  BasePage:30 - Clicking element with xpath //*[@id='Collection']/div/div[1]/div/a/div[1]
2023-05-04 20:50:11 INFO  BasePage:30 - Clicking element with xpath //*[@id='SingleOptionSelector-0']
2023-05-04 20:50:11 INFO  BasePage:30 - Clicking element with xpath //*[@id='SingleOptionSelector-0']/option[2]
2023-05-04 20:50:12 INFO  BasePage:30 - Clicking element with xpath //*[@id='AddToCartText-product-template']
2023-05-04 20:53:07 INFO  BasePage:30 - Clicking element with xpath //a[contains(@class, 'site-nav__link--main') and contains(text(), 'Books by language')]
2023-05-04 20:53:07 INFO  BasePage:94 - Clicking element with CSS selector a.site-nav__child-link[href='/collections/english-only']
2023-05-04 20:53:09 INFO  BasePage:30 - Clicking element with xpath //*[@id='Collection']/div/div[1]/div/a/div[1]
2023-05-04 20:53:09 INFO  BasePage:30 - Clicking element with xpath //*[@id='SingleOptionSelector-0']
2023-05-04 20:53:10 INFO  BasePage:30 - Clicking element with xpath //*[@id='SingleOptionSelector-0']/option[2]
2023-05-04 20:53:10 INFO  BasePage:30 - Clicking element with xpath //*[@id='AddToCartText-product-template']
2023-05-04 20:57:34 INFO  BasePage:30 - Clicking element with xpath //a[contains(@class, 'site-nav__link--main') and contains(text(), 'Books by language')]
2023-05-04 20:57:34 INFO  BasePage:94 - Clicking element with CSS selector a.site-nav__child-link[href='/collections/english-only']
2023-05-04 20:57:36 INFO  BasePage:30 - Clicking element with xpath //*[@id='Collection']/div/div[1]/div/a/div[1]
2023-05-04 20:57:37 INFO  BasePage:30 - Clicking element with xpath //*[@id='SingleOptionSelector-0']
2023-05-04 20:57:37 INFO  BasePage:30 - Clicking element with xpath //*[@id='SingleOptionSelector-0']/option[2]
2023-05-04 20:57:37 INFO  BasePage:30 - Clicking element with xpath //*[@id='AddToCartText-product-template']
2023-05-04 21:00:21 INFO  BasePage:30 - Clicking element with xpath //a[contains(@class, 'site-nav__link--main') and contains(text(), 'Books by language')]
2023-05-04 21:00:21 INFO  BasePage:94 - Clicking element with CSS selector a.site-nav__child-link[href='/collections/english-only']
2023-05-04 21:00:22 INFO  BasePage:30 - Clicking element with xpath //*[@id='Collection']/div/div[1]/div/a/div[1]
2023-05-04 21:00:23 INFO  BasePage:30 - Clicking element with xpath //*[@id='SingleOptionSelector-0']
2023-05-04 21:00:23 INFO  BasePage:30 - Clicking element with xpath //*[@id='SingleOptionSelector-0']/option[2]
2023-05-04 21:00:23 INFO  BasePage:30 - Clicking element with xpath //*[@id='AddToCartText-product-template']
2023-05-04 21:16:23 INFO  BasePage:30 - Clicking element with xpath //a[contains(@class, 'site-nav__link--main') and contains(text(), 'Books by language')]
2023-05-04 21:16:23 INFO  BasePage:94 - Clicking element with CSS selector a.site-nav__child-link[href='/collections/english-only']
2023-05-04 21:16:26 INFO  BasePage:30 - Clicking element with xpath //*[@id='Collection']/div/div[1]/div/a/div[1]
2023-05-04 21:16:27 INFO  BasePage:30 - Clicking element with xpath //*[@id='SingleOptionSelector-0']
2023-05-04 21:16:27 INFO  BasePage:30 - Clicking element with xpath //*[@id='SingleOptionSelector-0']/option[2]
2023-05-04 21:16:27 INFO  BasePage:30 - Clicking element with xpath //*[@id='AddToCartText-product-template']
2023-05-04 21:21:36 INFO  BasePage:30 - Clicking element with xpath //a[contains(@class, 'site-nav__link--main') and contains(text(), 'Books by language')]
2023-05-04 21:21:36 INFO  BasePage:94 - Clicking element with CSS selector a.site-nav__child-link[href='/collections/english-only']
2023-05-04 21:21:39 INFO  BasePage:30 - Clicking element with xpath //*[@id='Collection']/div/div[1]/div/a/div[1]
2023-05-04 21:21:39 INFO  BasePage:30 - Clicking element with xpath //*[@id='SingleOptionSelector-0']
2023-05-04 21:21:39 INFO  BasePage:30 - Clicking element with xpath //*[@id='SingleOptionSelector-0']/option[2]
2023-05-04 21:21:40 INFO  BasePage:30 - Clicking element with xpath //*[@id='AddToCartText-product-template']
2023-05-04 21:25:31 INFO  BasePage:30 - Clicking element with xpath //a[contains(@class, 'site-nav__link--main') and contains(text(), 'Books by language')]
2023-05-04 21:25:32 INFO  BasePage:94 - Clicking element with CSS selector a.site-nav__child-link[href='/collections/english-only']
2023-05-04 21:25:35 INFO  BasePage:30 - Clicking element with xpath //*[@id='Collection']/div/div[1]/div/a/div[1]
2023-05-04 21:25:35 INFO  BasePage:30 - Clicking element with xpath //*[@id='SingleOptionSelector-0']
2023-05-04 21:25:36 INFO  BasePage:30 - Clicking element with xpath //*[@id='SingleOptionSelector-0']/option[2]
2023-05-04 21:25:36 INFO  BasePage:30 - Clicking element with xpath //*[@id='AddToCartText-product-template']
2023-05-04 21:27:26 INFO  BasePage:30 - Clicking element with xpath //a[contains(@class, 'site-nav__link--main') and contains(text(), 'Books by language')]
2023-05-04 21:27:26 INFO  BasePage:94 - Clicking element with CSS selector a.site-nav__child-link[href='/collections/english-only']
2023-05-04 21:27:28 INFO  BasePage:30 - Clicking element with xpath //*[@id='Collection']/div/div[1]/div/a/div[1]
2023-05-04 21:27:28 INFO  BasePage:30 - Clicking element with xpath //*[@id='SingleOptionSelector-0']
2023-05-04 21:27:28 INFO  BasePage:30 - Clicking element with xpath //*[@id='SingleOptionSelector-0']/option[2]
2023-05-04 21:27:29 INFO  BasePage:30 - Clicking element with xpath //*[@id='AddToCartText-product-template']
2023-05-04 21:28:00 INFO  BasePage:30 - Clicking element with xpath //a[contains(@class, 'site-nav__link--main') and contains(text(), 'Books by language')]
2023-05-04 21:28:00 INFO  BasePage:94 - Clicking element with CSS selector a.site-nav__child-link[href='/collections/english-only']
2023-05-04 21:28:02 INFO  BasePage:30 - Clicking element with xpath //*[@id='Collection']/div/div[1]/div/a/div[1]
2023-05-04 21:28:02 INFO  BasePage:30 - Clicking element with xpath //*[@id='SingleOptionSelector-0']
2023-05-04 21:28:02 INFO  BasePage:30 - Clicking element with xpath //*[@id='SingleOptionSelector-0']/option[2]
2023-05-04 21:28:03 INFO  BasePage:30 - Clicking element with xpath //*[@id='AddToCartText-product-template']
2023-05-04 21:28:46 INFO  BasePage:30 - Clicking element with xpath //a[contains(@class, 'site-nav__link--main') and contains(text(), 'Books by language')]
2023-05-04 21:28:46 INFO  BasePage:94 - Clicking element with CSS selector a.site-nav__child-link[href='/collections/english-only']
2023-05-04 21:28:48 INFO  BasePage:30 - Clicking element with xpath //*[@id='Collection']/div/div[1]/div/a/div[1]
2023-05-04 21:28:48 INFO  BasePage:30 - Clicking element with xpath //*[@id='SingleOptionSelector-0']
2023-05-04 21:28:48 INFO  BasePage:30 - Clicking element with xpath //*[@id='SingleOptionSelector-0']/option[2]
2023-05-04 21:28:49 INFO  BasePage:30 - Clicking element with xpath //*[@id='AddToCartText-product-template']
2023-05-04 21:41:56 INFO  BasePage:30 - Clicking element with xpath //a[contains(@class, 'site-nav__link--main') and contains(text(), 'Books by language')]
2023-05-04 21:41:56 INFO  BasePage:94 - Clicking element with CSS selector a.site-nav__child-link[href='/collections/english-only']
2023-05-04 21:41:58 INFO  BasePage:30 - Clicking element with xpath //*[@id='Collection']/div/div[1]/div/a/div[1]
2023-05-04 21:41:58 INFO  BasePage:30 - Clicking element with xpath //*[@id='SingleOptionSelector-0']
2023-05-04 21:41:58 INFO  BasePage:30 - Clicking element with xpath //*[@id='SingleOptionSelector-0']/option[2]
2023-05-04 21:41:59 INFO  BasePage:30 - Clicking element with xpath //*[@id='AddToCartText-product-template']
2023-05-04 21:50:20 INFO  BasePage:30 - Clicking element with xpath //a[contains(@class, 'site-nav__link--main') and contains(text(), 'Books by language')]
2023-05-04 21:50:20 INFO  BasePage:94 - Clicking element with CSS selector a.site-nav__child-link[href='/collections/english-only']
2023-05-04 21:50:21 INFO  BasePage:30 - Clicking element with xpath //*[@id='Collection']/div/div[1]/div/a/div[1]
2023-05-04 21:50:22 INFO  BasePage:30 - Clicking element with xpath //*[@id='SingleOptionSelector-0']
2023-05-04 21:50:22 INFO  BasePage:30 - Clicking element with xpath //*[@id='SingleOptionSelector-0']/option[2]
2023-05-04 21:50:23 INFO  BasePage:30 - Clicking element with xpath //*[@id='AddToCartText-product-template']
2023-05-04 21:53:57 INFO  BasePage:30 - Clicking element with xpath //a[contains(@class, 'site-nav__link--main') and contains(text(), 'Books by language')]
2023-05-04 21:53:58 INFO  BasePage:94 - Clicking element with CSS selector a.site-nav__child-link[href='/collections/english-only']
2023-05-04 21:53:59 INFO  BasePage:30 - Clicking element with xpath //*[@id='Collection']/div/div[1]/div/a/div[1]
2023-05-04 21:54:00 INFO  BasePage:30 - Clicking element with xpath //*[@id='SingleOptionSelector-0']
2023-05-04 21:54:00 INFO  BasePage:30 - Clicking element with xpath //*[@id='SingleOptionSelector-0']/option[2]
2023-05-04 21:54:01 INFO  BasePage:30 - Clicking element with xpath //*[@id='AddToCartText-product-template']
2023-05-04 21:56:16 INFO  BasePage:30 - Clicking element with xpath //a[contains(@class, 'site-nav__link--main') and contains(text(), 'Books by language')]
2023-05-04 21:56:16 INFO  BasePage:94 - Clicking element with CSS selector a.site-nav__child-link[href='/collections/english-only']
2023-05-04 21:56:22 INFO  BasePage:30 - Clicking element with xpath //*[@id='Collection']/div/div[1]/div/a/div[1]
2023-05-04 21:56:22 INFO  BasePage:30 - Clicking element with xpath //*[@id='SingleOptionSelector-0']
2023-05-04 21:56:22 INFO  BasePage:30 - Clicking element with xpath //*[@id='SingleOptionSelector-0']/option[2]
2023-05-04 21:56:23 INFO  BasePage:30 - Clicking element with xpath //*[@id='AddToCartText-product-template']
2023-05-04 21:58:21 INFO  BasePage:30 - Clicking element with xpath //a[contains(@class, 'site-nav__link--main') and contains(text(), 'Books by language')]
2023-05-04 21:58:21 INFO  BasePage:94 - Clicking element with CSS selector a.site-nav__child-link[href='/collections/english-only']
2023-05-04 21:58:23 INFO  BasePage:30 - Clicking element with xpath //*[@id='Collection']/div/div[1]/div/a/div[1]
2023-05-04 21:58:24 INFO  BasePage:30 - Clicking element with xpath //*[@id='SingleOptionSelector-0']
2023-05-04 21:58:24 INFO  BasePage:30 - Clicking element with xpath //*[@id='SingleOptionSelector-0']/option[2]
2023-05-04 21:58:24 INFO  BasePage:30 - Clicking element with xpath //*[@id='AddToCartText-product-template']
2023-05-04 22:03:03 INFO  BasePage:30 - Clicking element with xpath //a[contains(@class, 'site-nav__link--main') and contains(text(), 'Books by language')]
2023-05-04 22:03:03 INFO  BasePage:94 - Clicking element with CSS selector a.site-nav__child-link[href='/collections/english-only']
2023-05-04 22:03:05 INFO  BasePage:30 - Clicking element with xpath //*[@id='Collection']/div/div[1]/div/a/div[1]
2023-05-04 22:03:05 INFO  BasePage:30 - Clicking element with xpath //*[@id='SingleOptionSelector-0']
2023-05-04 22:03:05 INFO  BasePage:30 - Clicking element with xpath //*[@id='SingleOptionSelector-0']/option[2]
2023-05-04 22:03:06 INFO  BasePage:30 - Clicking element with xpath //*[@id='AddToCartText-product-template']
2023-05-05 01:53:24 INFO  BasePage:30 - Clicking element with xpath //*[@id='Collection']/div/div[1]/div/a/div[1]
2023-05-05 02:06:38 INFO  BasePage:30 - Clicking element with xpath //*[@id='Collection']/div/div[1]/div/a/div[1]
2023-05-05 02:40:57 INFO  BasePage:30 - Clicking element with xpath //*[@id='Collection']/div/div[1]/div/a/div[1]
2023-05-05 02:58:27 INFO  BasePage:30 - Clicking element with xpath //*[@id='SiteNav']/li[2]/a
2023-05-05 02:58:27 INFO  BasePage:30 - Clicking element with xpath //*[@id='SiteNavLabel-books-by-language']/ul/li[10]/a
2023-05-05 02:58:29 INFO  BasePage:30 - Clicking element with xpath //*[@id='Collection']/div/div[1]/div/a/div[1]
2023-05-05 02:58:30 INFO  BasePage:30 - Clicking element with xpath //*[@id='SingleOptionSelector-0']
2023-05-05 02:58:30 INFO  BasePage:30 - Clicking element with xpath //*[@id='SingleOptionSelector-0']/option[2]
2023-05-05 02:58:30 INFO  BasePage:30 - Clicking element with xpath //*[@id='AddToCartText-product-template']
2023-05-05 02:58:58 INFO  BasePage:30 - Clicking element with xpath //*[@id='SiteNav']/li[2]/a
2023-05-05 02:58:58 INFO  BasePage:30 - Clicking element with xpath //*[@id='SiteNavLabel-books-by-language']/ul/li[10]/a
2023-05-05 02:59:00 INFO  BasePage:30 - Clicking element with xpath //*[@id='Collection']/div/div[1]/div/a/div[1]
2023-05-05 02:59:01 INFO  BasePage:43 - Check element with xpath exist //div[contains(@class, 'product-single')]
